C:\Program Files (x86)\Microsoft Visual Studio\2019\Community\MSBuild\Microsoft\VC\v160\Microsoft.CppBuild.targets(452,5): warning MSB8028: The intermediate directory (x64\Debug\) contains files shared from another project (Terreno.vcxproj, TerrenoSky.vcxproj).  This can lead to incorrect clean and rebuild behavior.
  TerrenoSkyBill.cpp
C:\Program Files (x86)\Microsoft DirectX SDK (June 2010)\Include\dxgitype.h(12,1): warning C4005: 'DXGI_STATUS_OCCLUDED': redefinición de macro
C:\Program Files (x86)\Windows Kits\10\Include\10.0.18362.0\shared\winerror.h(55840): message : vea la definición anterior de 'DXGI_STATUS_OCCLUDED'
C:\Program Files (x86)\Microsoft DirectX SDK (June 2010)\Include\dxgitype.h(13,1): warning C4005: 'DXGI_STATUS_CLIPPED': redefinición de macro
C:\Program Files (x86)\Windows Kits\10\Include\10.0.18362.0\shared\winerror.h(55849): message : vea la definición anterior de 'DXGI_STATUS_CLIPPED'
C:\Program Files (x86)\Microsoft DirectX SDK (June 2010)\Include\dxgitype.h(14,1): warning C4005: 'DXGI_STATUS_NO_REDIRECTION': redefinición de macro
C:\Program Files (x86)\Windows Kits\10\Include\10.0.18362.0\shared\winerror.h(55858): message : vea la definición anterior de 'DXGI_STATUS_NO_REDIRECTION'
C:\Program Files (x86)\Microsoft DirectX SDK (June 2010)\Include\dxgitype.h(15,1): warning C4005: 'DXGI_STATUS_NO_DESKTOP_ACCESS': redefinición de macro
C:\Program Files (x86)\Windows Kits\10\Include\10.0.18362.0\shared\winerror.h(55867): message : vea la definición anterior de 'DXGI_STATUS_NO_DESKTOP_ACCESS'
C:\Program Files (x86)\Microsoft DirectX SDK (June 2010)\Include\dxgitype.h(16,1): warning C4005: 'DXGI_STATUS_GRAPHICS_VIDPN_SOURCE_IN_USE': redefinición de macro
C:\Program Files (x86)\Windows Kits\10\Include\10.0.18362.0\shared\winerror.h(55876): message : vea la definición anterior de 'DXGI_STATUS_GRAPHICS_VIDPN_SOURCE_IN_USE'
C:\Program Files (x86)\Microsoft DirectX SDK (June 2010)\Include\dxgitype.h(17,1): warning C4005: 'DXGI_STATUS_MODE_CHANGED': redefinición de macro
C:\Program Files (x86)\Windows Kits\10\Include\10.0.18362.0\shared\winerror.h(55885): message : vea la definición anterior de 'DXGI_STATUS_MODE_CHANGED'
C:\Program Files (x86)\Microsoft DirectX SDK (June 2010)\Include\dxgitype.h(18,1): warning C4005: 'DXGI_STATUS_MODE_CHANGE_IN_PROGRESS': redefinición de macro
C:\Program Files (x86)\Windows Kits\10\Include\10.0.18362.0\shared\winerror.h(55894): message : vea la definición anterior de 'DXGI_STATUS_MODE_CHANGE_IN_PROGRESS'
C:\Program Files (x86)\Microsoft DirectX SDK (June 2010)\Include\dxgitype.h(21,1): warning C4005: 'DXGI_ERROR_INVALID_CALL': redefinición de macro
C:\Program Files (x86)\Windows Kits\10\Include\10.0.18362.0\shared\winerror.h(55909): message : vea la definición anterior de 'DXGI_ERROR_INVALID_CALL'
C:\Program Files (x86)\Microsoft DirectX SDK (June 2010)\Include\dxgitype.h(22,1): warning C4005: 'DXGI_ERROR_NOT_FOUND': redefinición de macro
C:\Program Files (x86)\Windows Kits\10\Include\10.0.18362.0\shared\winerror.h(55918): message : vea la definición anterior de 'DXGI_ERROR_NOT_FOUND'
C:\Program Files (x86)\Microsoft DirectX SDK (June 2010)\Include\dxgitype.h(23,1): warning C4005: 'DXGI_ERROR_MORE_DATA': redefinición de macro
C:\Program Files (x86)\Windows Kits\10\Include\10.0.18362.0\shared\winerror.h(55927): message : vea la definición anterior de 'DXGI_ERROR_MORE_DATA'
C:\Program Files (x86)\Microsoft DirectX SDK (June 2010)\Include\dxgitype.h(24,1): warning C4005: 'DXGI_ERROR_UNSUPPORTED': redefinición de macro
C:\Program Files (x86)\Windows Kits\10\Include\10.0.18362.0\shared\winerror.h(55936): message : vea la definición anterior de 'DXGI_ERROR_UNSUPPORTED'
C:\Program Files (x86)\Microsoft DirectX SDK (June 2010)\Include\dxgitype.h(25,1): warning C4005: 'DXGI_ERROR_DEVICE_REMOVED': redefinición de macro
C:\Program Files (x86)\Windows Kits\10\Include\10.0.18362.0\shared\winerror.h(55945): message : vea la definición anterior de 'DXGI_ERROR_DEVICE_REMOVED'
C:\Program Files (x86)\Microsoft DirectX SDK (June 2010)\Include\dxgitype.h(26,1): warning C4005: 'DXGI_ERROR_DEVICE_HUNG': redefinición de macro
C:\Program Files (x86)\Windows Kits\10\Include\10.0.18362.0\shared\winerror.h(55954): message : vea la definición anterior de 'DXGI_ERROR_DEVICE_HUNG'
C:\Program Files (x86)\Microsoft DirectX SDK (June 2010)\Include\dxgitype.h(27,1): warning C4005: 'DXGI_ERROR_DEVICE_RESET': redefinición de macro
C:\Program Files (x86)\Windows Kits\10\Include\10.0.18362.0\shared\winerror.h(55964): message : vea la definición anterior de 'DXGI_ERROR_DEVICE_RESET'
C:\Program Files (x86)\Microsoft DirectX SDK (June 2010)\Include\dxgitype.h(28,1): warning C4005: 'DXGI_ERROR_WAS_STILL_DRAWING': redefinición de macro
C:\Program Files (x86)\Windows Kits\10\Include\10.0.18362.0\shared\winerror.h(55973): message : vea la definición anterior de 'DXGI_ERROR_WAS_STILL_DRAWING'
C:\Program Files (x86)\Microsoft DirectX SDK (June 2010)\Include\dxgitype.h(29,1): warning C4005: 'DXGI_ERROR_FRAME_STATISTICS_DISJOINT': redefinición de macro
C:\Program Files (x86)\Windows Kits\10\Include\10.0.18362.0\shared\winerror.h(55983): message : vea la definición anterior de 'DXGI_ERROR_FRAME_STATISTICS_DISJOINT'
C:\Program Files (x86)\Microsoft DirectX SDK (June 2010)\Include\dxgitype.h(30,1): warning C4005: 'DXGI_ERROR_GRAPHICS_VIDPN_SOURCE_IN_USE': redefinición de macro
C:\Program Files (x86)\Windows Kits\10\Include\10.0.18362.0\shared\winerror.h(55992): message : vea la definición anterior de 'DXGI_ERROR_GRAPHICS_VIDPN_SOURCE_IN_USE'
C:\Program Files (x86)\Microsoft DirectX SDK (June 2010)\Include\dxgitype.h(31,1): warning C4005: 'DXGI_ERROR_DRIVER_INTERNAL_ERROR': redefinición de macro
C:\Program Files (x86)\Windows Kits\10\Include\10.0.18362.0\shared\winerror.h(56002): message : vea la definición anterior de 'DXGI_ERROR_DRIVER_INTERNAL_ERROR'
C:\Program Files (x86)\Microsoft DirectX SDK (June 2010)\Include\dxgitype.h(32,1): warning C4005: 'DXGI_ERROR_NONEXCLUSIVE': redefinición de macro
C:\Program Files (x86)\Windows Kits\10\Include\10.0.18362.0\shared\winerror.h(56011): message : vea la definición anterior de 'DXGI_ERROR_NONEXCLUSIVE'
C:\Program Files (x86)\Microsoft DirectX SDK (June 2010)\Include\dxgitype.h(33,1): warning C4005: 'DXGI_ERROR_NOT_CURRENTLY_AVAILABLE': redefinición de macro
C:\Program Files (x86)\Windows Kits\10\Include\10.0.18362.0\shared\winerror.h(56020): message : vea la definición anterior de 'DXGI_ERROR_NOT_CURRENTLY_AVAILABLE'
C:\Program Files (x86)\Microsoft DirectX SDK (June 2010)\Include\dxgitype.h(34,1): warning C4005: 'DXGI_ERROR_REMOTE_CLIENT_DISCONNECTED': redefinición de macro
C:\Program Files (x86)\Windows Kits\10\Include\10.0.18362.0\shared\winerror.h(56030): message : vea la definición anterior de 'DXGI_ERROR_REMOTE_CLIENT_DISCONNECTED'
C:\Program Files (x86)\Microsoft DirectX SDK (June 2010)\Include\dxgitype.h(35,1): warning C4005: 'DXGI_ERROR_REMOTE_OUTOFMEMORY': redefinición de macro
C:\Program Files (x86)\Windows Kits\10\Include\10.0.18362.0\shared\winerror.h(56039): message : vea la definición anterior de 'DXGI_ERROR_REMOTE_OUTOFMEMORY'
C:\Program Files (x86)\Microsoft DirectX SDK (June 2010)\Include\d3d11.h(917,1): warning C4005: 'D3D11_ERROR_TOO_MANY_UNIQUE_STATE_OBJECTS': redefinición de macro
C:\Program Files (x86)\Windows Kits\10\Include\10.0.18362.0\shared\winerror.h(56303): message : vea la definición anterior de 'D3D11_ERROR_TOO_MANY_UNIQUE_STATE_OBJECTS'
C:\Program Files (x86)\Microsoft DirectX SDK (June 2010)\Include\d3d11.h(918,1): warning C4005: 'D3D11_ERROR_FILE_NOT_FOUND': redefinición de macro
C:\Program Files (x86)\Windows Kits\10\Include\10.0.18362.0\shared\winerror.h(56312): message : vea la definición anterior de 'D3D11_ERROR_FILE_NOT_FOUND'
C:\Program Files (x86)\Microsoft DirectX SDK (June 2010)\Include\d3d11.h(919,1): warning C4005: 'D3D11_ERROR_TOO_MANY_UNIQUE_VIEW_OBJECTS': redefinición de macro
C:\Program Files (x86)\Windows Kits\10\Include\10.0.18362.0\shared\winerror.h(56322): message : vea la definición anterior de 'D3D11_ERROR_TOO_MANY_UNIQUE_VIEW_OBJECTS'
C:\Program Files (x86)\Microsoft DirectX SDK (June 2010)\Include\d3d11.h(920,1): warning C4005: 'D3D11_ERROR_DEFERRED_CONTEXT_MAP_WITHOUT_INITIAL_DISCARD': redefinición de macro
C:\Program Files (x86)\Windows Kits\10\Include\10.0.18362.0\shared\winerror.h(56331): message : vea la definición anterior de 'D3D11_ERROR_DEFERRED_CONTEXT_MAP_WITHOUT_INITIAL_DISCARD'
C:\Program Files (x86)\Microsoft DirectX SDK (June 2010)\Include\d3d10.h(608,1): warning C4005: 'D3D10_ERROR_TOO_MANY_UNIQUE_STATE_OBJECTS': redefinición de macro
C:\Program Files (x86)\Windows Kits\10\Include\10.0.18362.0\shared\winerror.h(56279): message : vea la definición anterior de 'D3D10_ERROR_TOO_MANY_UNIQUE_STATE_OBJECTS'
C:\Program Files (x86)\Microsoft DirectX SDK (June 2010)\Include\d3d10.h(609,1): warning C4005: 'D3D10_ERROR_FILE_NOT_FOUND': redefinición de macro
C:\Program Files (x86)\Windows Kits\10\Include\10.0.18362.0\shared\winerror.h(56288): message : vea la definición anterior de 'D3D10_ERROR_FILE_NOT_FOUND'
C:\Users\Axel\Desktop\6 sem\Gráficas\TerrenoSkyBillGC2\v1dx11rr\gestorLuz.h(113,13): warning C4553: "==": el resultado de la expresión no se usa. ¿Quiso decir "="?
C:\Users\Axel\Desktop\6 sem\Gráficas\TerrenoSkyBillGC2\v1dx11rr\gestorLuz.h(226,1): warning C4305: '+=': truncamiento de 'double' a 'float'
C:\Users\Axel\Desktop\6 sem\Gráficas\TerrenoSkyBillGC2\v1dx11rr\gestorLuz.h(235,1): warning C4305: '=': truncamiento de 'double' a 'float'
C:\Users\Axel\Desktop\6 sem\Gráficas\TerrenoSkyBillGC2\v1dx11rr\TerrenoRR.h(259,85): warning C4244: '=': conversión de 'double' a 'float'; posible pérdida de datos
C:\Users\Axel\Desktop\6 sem\Gráficas\TerrenoSkyBillGC2\v1dx11rr\TerrenoRR.h(367,64): warning C4244: 'argumento': conversión de 'int' a 'FLOAT'; posible pérdida de datos
C:\Users\Axel\Desktop\6 sem\Gráficas\TerrenoSkyBillGC2\v1dx11rr\TerrenoRR.h(367,1): warning C4305: 'argumento': truncamiento de 'double' a 'FLOAT'
C:\Users\Axel\Desktop\6 sem\Gráficas\TerrenoSkyBillGC2\v1dx11rr\TerrenoRR.h(490,85): warning C4244: '=': conversión de 'double' a 'float'; posible pérdida de datos
C:\Users\Axel\Desktop\6 sem\Gráficas\TerrenoSkyBillGC2\v1dx11rr\TerrenoRR.h(599,64): warning C4244: 'argumento': conversión de 'int' a 'FLOAT'; posible pérdida de datos
C:\Users\Axel\Desktop\6 sem\Gráficas\TerrenoSkyBillGC2\v1dx11rr\TerrenoRR.h(599,1): warning C4305: 'argumento': truncamiento de 'double' a 'FLOAT'
C:\Users\Axel\Desktop\6 sem\Gráficas\TerrenoSkyBillGC2\v1dx11rr\TerrenoRR.h(693,1): warning C4305: '+=': truncamiento de 'double' a 'float'
C:\Users\Axel\Desktop\6 sem\Gráficas\TerrenoSkyBillGC2\v1dx11rr\TerrenoRR.h(739,1): warning C4305: 'argumento': truncamiento de 'double' a 'FLOAT'
C:\Users\Axel\Desktop\6 sem\Gráficas\TerrenoSkyBillGC2\v1dx11rr\TerrenoRR.h(847,22): warning C4018: '<': no coinciden signed/unsigned
C:\Users\Axel\Desktop\6 sem\Gráficas\TerrenoSkyBillGC2\v1dx11rr\TerrenoRR.h(849,23): warning C4018: '<': no coinciden signed/unsigned
C:\Users\Axel\Desktop\6 sem\Gráficas\TerrenoSkyBillGC2\v1dx11rr\Camara.h(37,63): warning C4244: 'argumento': conversión de 'int' a 'FLOAT'; posible pérdida de datos
C:\Users\Axel\Desktop\6 sem\Gráficas\TerrenoSkyBillGC2\v1dx11rr\Camara.h(37,1): warning C4305: 'argumento': truncamiento de 'double' a 'FLOAT'
C:\Users\Axel\Desktop\6 sem\Gráficas\TerrenoSkyBillGC2\v1dx11rr\Modelo.h(429,1): warning C4305: 'argumento': truncamiento de 'double' a 'FLOAT'
C:\Users\Axel\Desktop\6 sem\Gráficas\TerrenoSkyBillGC2\v1dx11rr\Modelo.h(653,1): warning C4305: 'argumento': truncamiento de 'double' a 'FLOAT'
C:\Users\Axel\Desktop\6 sem\Gráficas\TerrenoSkyBillGC2\v1dx11rr\Modelo.h(726,1): warning C4305: '+=': truncamiento de 'double' a 'float'
C:\Users\Axel\Desktop\6 sem\Gráficas\TerrenoSkyBillGC2\v1dx11rr\Modelo.h(765,1): warning C4305: 'argumento': truncamiento de 'double' a 'FLOAT'
C:\Users\Axel\Desktop\6 sem\Gráficas\TerrenoSkyBillGC2\v1dx11rr\GrupoModelos.h(159,1): warning C4267: 'inicializando': conversión de 'size_t' a 'int'; posible pérdida de datos
C:\Users\Axel\Desktop\6 sem\Gráficas\TerrenoSkyBillGC2\v1dx11rr\GrupoModelos.h(195,1): warning C4267: 'inicializando': conversión de 'size_t' a 'int'; posible pérdida de datos
C:\Users\Axel\Desktop\6 sem\Gráficas\TerrenoSkyBillGC2\v1dx11rr\GrupoModelos.h(253,21): warning C4477: 'fscanf_s' : la cadena de formato '%s' requiere un argumento de tipo 'unsigned int', pero el argumento variádico 2 tiene el tipo 'unsigned __int64'
C:\Users\Axel\Desktop\6 sem\Gráficas\TerrenoSkyBillGC2\v1dx11rr\GrupoModelos.h(253,21): message : este argumento se utiliza como un tamaño de búfer
C:\Users\Axel\Desktop\6 sem\Gráficas\TerrenoSkyBillGC2\v1dx11rr\GrupoModelos.h(338,21): warning C4477: 'fscanf_s' : la cadena de formato '%s' requiere un argumento de tipo 'unsigned int', pero el argumento variádico 2 tiene el tipo 'unsigned __int64'
C:\Users\Axel\Desktop\6 sem\Gráficas\TerrenoSkyBillGC2\v1dx11rr\GrupoModelos.h(338,21): message : este argumento se utiliza como un tamaño de búfer
C:\Users\Axel\Desktop\6 sem\Gráficas\TerrenoSkyBillGC2\v1dx11rr\GrupoModelos.h(388,21): warning C4477: 'fscanf_s' : la cadena de formato '%s' requiere un argumento de tipo 'unsigned int', pero el argumento variádico 2 tiene el tipo 'unsigned __int64'
C:\Users\Axel\Desktop\6 sem\Gráficas\TerrenoSkyBillGC2\v1dx11rr\GrupoModelos.h(388,21): message : este argumento se utiliza como un tamaño de búfer
C:\Users\Axel\Desktop\6 sem\Gráficas\TerrenoSkyBillGC2\v1dx11rr\GrupoModelos.h(396,21): warning C4477: 'fscanf_s' : la cadena de formato '%s' requiere un argumento de tipo 'unsigned int', pero el argumento variádico 2 tiene el tipo 'unsigned __int64'
C:\Users\Axel\Desktop\6 sem\Gráficas\TerrenoSkyBillGC2\v1dx11rr\GrupoModelos.h(396,21): message : este argumento se utiliza como un tamaño de búfer
C:\Users\Axel\Desktop\6 sem\Gráficas\TerrenoSkyBillGC2\v1dx11rr\GrupoModelos.h(404,21): warning C4477: 'fscanf_s' : la cadena de formato '%s' requiere un argumento de tipo 'unsigned int', pero el argumento variádico 2 tiene el tipo 'unsigned __int64'
C:\Users\Axel\Desktop\6 sem\Gráficas\TerrenoSkyBillGC2\v1dx11rr\GrupoModelos.h(404,21): message : este argumento se utiliza como un tamaño de búfer
C:\Users\Axel\Desktop\6 sem\Gráficas\TerrenoSkyBillGC2\v1dx11rr\DXRR.h(109,18): warning C4244: '=': conversión de 'int' a 'float'; posible pérdida de datos
C:\Users\Axel\Desktop\6 sem\Gráficas\TerrenoSkyBillGC2\v1dx11rr\DXRR.h(110,17): warning C4244: '=': conversión de 'int' a 'float'; posible pérdida de datos
C:\Users\Axel\Desktop\6 sem\Gráficas\TerrenoSkyBillGC2\v1dx11rr\DXRR.h(393,1): warning C4305: 'argumento': truncamiento de 'double' a 'FLOAT'
C:\Users\Axel\Desktop\6 sem\Gráficas\TerrenoSkyBillGC2\v1dx11rr\DXRR.h(394,78): warning C4244: 'argumento': conversión de 'double' a 'FLOAT'; posible pérdida de datos
C:\Users\Axel\Desktop\6 sem\Gráficas\TerrenoSkyBillGC2\v1dx11rr\DXRR.h(408,1): warning C4305: 'argumento': truncamiento de 'double' a 'FLOAT'
C:\Users\Axel\Desktop\6 sem\Gráficas\TerrenoSkyBillGC2\v1dx11rr\DXRR.h(409,1): warning C4305: 'argumento': truncamiento de 'double' a 'FLOAT'
C:\Users\Axel\Desktop\6 sem\Gráficas\TerrenoSkyBillGC2\v1dx11rr\DXRR.h(426,1): warning C4305: 'argumento': truncamiento de 'double' a 'FLOAT'
C:\Users\Axel\Desktop\6 sem\Gráficas\TerrenoSkyBillGC2\v1dx11rr\DXRR.h(427,1): warning C4305: 'argumento': truncamiento de 'double' a 'FLOAT'
C:\Users\Axel\Desktop\6 sem\Gráficas\TerrenoSkyBillGC2\v1dx11rr\DXRR.h(445,1): warning C4305: 'argumento': truncamiento de 'double' a 'FLOAT'
C:\Users\Axel\Desktop\6 sem\Gráficas\TerrenoSkyBillGC2\v1dx11rr\DXRR.h(446,1): warning C4305: 'argumento': truncamiento de 'double' a 'FLOAT'
C:\Users\Axel\Desktop\6 sem\Gráficas\TerrenoSkyBillGC2\v1dx11rr\DXRR.h(465,1): warning C4305: 'argumento': truncamiento de 'double' a 'FLOAT'
C:\Users\Axel\Desktop\6 sem\Gráficas\TerrenoSkyBillGC2\v1dx11rr\DXRR.h(466,1): warning C4305: 'argumento': truncamiento de 'double' a 'FLOAT'
C:\Users\Axel\Desktop\6 sem\Gráficas\TerrenoSkyBillGC2\v1dx11rr\DXRR.h(479,1): warning C4305: 'argumento': truncamiento de 'double' a 'FLOAT'
C:\Users\Axel\Desktop\6 sem\Gráficas\TerrenoSkyBillGC2\v1dx11rr\DXRR.h(480,1): warning C4305: 'argumento': truncamiento de 'double' a 'FLOAT'
C:\Users\Axel\Desktop\6 sem\Gráficas\TerrenoSkyBillGC2\v1dx11rr\DXRR.h(493,1): warning C4305: 'argumento': truncamiento de 'double' a 'FLOAT'
C:\Users\Axel\Desktop\6 sem\Gráficas\TerrenoSkyBillGC2\v1dx11rr\DXRR.h(494,1): warning C4305: 'argumento': truncamiento de 'double' a 'FLOAT'
C:\Users\Axel\Desktop\6 sem\Gráficas\TerrenoSkyBillGC2\v1dx11rr\DXRR.h(509,1): warning C4305: 'argumento': truncamiento de 'double' a 'FLOAT'
C:\Users\Axel\Desktop\6 sem\Gráficas\TerrenoSkyBillGC2\v1dx11rr\DXRR.h(510,1): warning C4305: 'argumento': truncamiento de 'double' a 'FLOAT'
C:\Users\Axel\Desktop\6 sem\Gráficas\TerrenoSkyBillGC2\v1dx11rr\DXRR.h(523,1): warning C4305: 'argumento': truncamiento de 'double' a 'FLOAT'
C:\Users\Axel\Desktop\6 sem\Gráficas\TerrenoSkyBillGC2\v1dx11rr\DXRR.h(524,1): warning C4305: 'argumento': truncamiento de 'double' a 'FLOAT'
C:\Users\Axel\Desktop\6 sem\Gráficas\TerrenoSkyBillGC2\v1dx11rr\DXRR.h(537,1): warning C4305: 'argumento': truncamiento de 'double' a 'FLOAT'
C:\Users\Axel\Desktop\6 sem\Gráficas\TerrenoSkyBillGC2\v1dx11rr\DXRR.h(552,26): warning C4244: 'inicializando': conversión de 'float' a 'int'; posible pérdida de datos
C:\Users\Axel\Desktop\6 sem\Gráficas\TerrenoSkyBillGC2\v1dx11rr\DXRR.h(555,1): warning C4305: 'argumento': truncamiento de 'double' a 'FLOAT'
C:\Users\Axel\Desktop\6 sem\Gráficas\TerrenoSkyBillGC2\v1dx11rr\DXRR.h(563,1): warning C4305: 'argumento': truncamiento de 'double' a 'FLOAT'
C:\Users\Axel\Desktop\6 sem\Gráficas\TerrenoSkyBillGC2\v1dx11rr\DXRR.h(574,1): warning C4305: 'argumento': truncamiento de 'double' a 'FLOAT'
C:\Users\Axel\Desktop\6 sem\Gráficas\TerrenoSkyBillGC2\v1dx11rr\DXRR.h(580,1): warning C4305: 'argumento': truncamiento de 'double' a 'FLOAT'
C:\Users\Axel\Desktop\6 sem\Gráficas\TerrenoSkyBillGC2\v1dx11rr\DXRR.h(591,1): warning C4305: 'argumento': truncamiento de 'double' a 'FLOAT'
C:\Users\Axel\Desktop\6 sem\Gráficas\TerrenoSkyBillGC2\v1dx11rr\DXRR.h(598,1): warning C4305: 'argumento': truncamiento de 'double' a 'FLOAT'
C:\Users\Axel\Desktop\6 sem\Gráficas\TerrenoSkyBillGC2\v1dx11rr\DXRR.h(609,1): warning C4305: 'argumento': truncamiento de 'double' a 'FLOAT'
C:\Users\Axel\Desktop\6 sem\Gráficas\TerrenoSkyBillGC2\v1dx11rr\DXRR.h(615,1): warning C4305: 'argumento': truncamiento de 'double' a 'FLOAT'
C:\Users\Axel\Desktop\6 sem\Gráficas\TerrenoSkyBillGC2\v1dx11rr\DXRR.h(627,1): warning C4305: 'argumento': truncamiento de 'double' a 'FLOAT'
C:\Users\Axel\Desktop\6 sem\Gráficas\TerrenoSkyBillGC2\v1dx11rr\DXRR.h(633,1): warning C4305: 'argumento': truncamiento de 'double' a 'FLOAT'
C:\Users\Axel\Desktop\6 sem\Gráficas\TerrenoSkyBillGC2\v1dx11rr\DXRR.h(645,1): warning C4305: 'argumento': truncamiento de 'double' a 'FLOAT'
C:\Users\Axel\Desktop\6 sem\Gráficas\TerrenoSkyBillGC2\v1dx11rr\DXRR.h(651,1): warning C4305: 'argumento': truncamiento de 'double' a 'FLOAT'
C:\Users\Axel\Desktop\6 sem\Gráficas\TerrenoSkyBillGC2\v1dx11rr\DXRR.h(663,1): warning C4305: 'argumento': truncamiento de 'double' a 'FLOAT'
C:\Users\Axel\Desktop\6 sem\Gráficas\TerrenoSkyBillGC2\v1dx11rr\DXRR.h(676,1): warning C4305: 'argumento': truncamiento de 'double' a 'FLOAT'
C:\Users\Axel\Desktop\6 sem\Gráficas\TerrenoSkyBillGC2\v1dx11rr\DXRR.h(686,1): warning C4305: 'argumento': truncamiento de 'double' a 'FLOAT'
C:\Users\Axel\Desktop\6 sem\Gráficas\TerrenoSkyBillGC2\v1dx11rr\DXRR.h(696,1): warning C4305: 'argumento': truncamiento de 'double' a 'FLOAT'
C:\Users\Axel\Desktop\6 sem\Gráficas\TerrenoSkyBillGC2\v1dx11rr\DXRR.h(707,1): warning C4305: 'argumento': truncamiento de 'double' a 'FLOAT'
C:\Users\Axel\Desktop\6 sem\Gráficas\TerrenoSkyBillGC2\v1dx11rr\DXRR.h(717,1): warning C4305: 'argumento': truncamiento de 'double' a 'FLOAT'
C:\Users\Axel\Desktop\6 sem\Gráficas\TerrenoSkyBillGC2\v1dx11rr\DXRR.h(728,1): warning C4305: 'argumento': truncamiento de 'double' a 'FLOAT'
C:\Users\Axel\Desktop\6 sem\Gráficas\TerrenoSkyBillGC2\v1dx11rr\DXRR.h(738,1): warning C4305: 'argumento': truncamiento de 'double' a 'FLOAT'
C:\Users\Axel\Desktop\6 sem\Gráficas\TerrenoSkyBillGC2\v1dx11rr\DXRR.h(750,1): warning C4305: 'argumento': truncamiento de 'double' a 'FLOAT'
C:\Users\Axel\Desktop\6 sem\Gráficas\TerrenoSkyBillGC2\v1dx11rr\DXRR.h(762,1): warning C4305: 'argumento': truncamiento de 'double' a 'FLOAT'
C:\Users\Axel\Desktop\6 sem\Gráficas\TerrenoSkyBillGC2\v1dx11rr\DXRR.h(774,1): warning C4305: 'argumento': truncamiento de 'double' a 'FLOAT'
C:\Users\Axel\Desktop\6 sem\Gráficas\TerrenoSkyBillGC2\v1dx11rr\DXRR.h(785,1): warning C4305: 'argumento': truncamiento de 'double' a 'FLOAT'
C:\Users\Axel\Desktop\6 sem\Gráficas\TerrenoSkyBillGC2\v1dx11rr\DXRR.h(795,1): warning C4305: 'argumento': truncamiento de 'double' a 'FLOAT'
C:\Users\Axel\Desktop\6 sem\Gráficas\TerrenoSkyBillGC2\v1dx11rr\DXRR.h(805,1): warning C4305: 'argumento': truncamiento de 'double' a 'FLOAT'
C:\Users\Axel\Desktop\6 sem\Gráficas\TerrenoSkyBillGC2\v1dx11rr\DXRR.h(815,1): warning C4305: 'argumento': truncamiento de 'double' a 'FLOAT'
C:\Users\Axel\Desktop\6 sem\Gráficas\TerrenoSkyBillGC2\v1dx11rr\DXRR.h(826,1): warning C4305: 'argumento': truncamiento de 'double' a 'FLOAT'
C:\Users\Axel\Desktop\6 sem\Gráficas\TerrenoSkyBillGC2\v1dx11rr\DXRR.h(838,1): warning C4305: 'argumento': truncamiento de 'double' a 'FLOAT'
C:\Users\Axel\Desktop\6 sem\Gráficas\TerrenoSkyBillGC2\v1dx11rr\DXRR.h(849,1): warning C4305: 'argumento': truncamiento de 'double' a 'FLOAT'
C:\Users\Axel\Desktop\6 sem\Gráficas\TerrenoSkyBillGC2\v1dx11rr\DXRR.h(859,1): warning C4305: 'argumento': truncamiento de 'double' a 'FLOAT'
C:\Users\Axel\Desktop\6 sem\Gráficas\TerrenoSkyBillGC2\v1dx11rr\DXRR.h(869,1): warning C4305: 'argumento': truncamiento de 'double' a 'FLOAT'
C:\Users\Axel\Desktop\6 sem\Gráficas\TerrenoSkyBillGC2\v1dx11rr\DXRR.h(879,1): warning C4305: 'argumento': truncamiento de 'double' a 'FLOAT'
C:\Users\Axel\Desktop\6 sem\Gráficas\TerrenoSkyBillGC2\v1dx11rr\DXRR.h(889,1): warning C4305: 'argumento': truncamiento de 'double' a 'FLOAT'
C:\Users\Axel\Desktop\6 sem\Gráficas\TerrenoSkyBillGC2\v1dx11rr\DXRR.h(899,1): warning C4305: 'argumento': truncamiento de 'double' a 'FLOAT'
C:\Users\Axel\Desktop\6 sem\Gráficas\TerrenoSkyBillGC2\v1dx11rr\DXRR.h(909,1): warning C4305: 'argumento': truncamiento de 'double' a 'FLOAT'
C:\Users\Axel\Desktop\6 sem\Gráficas\TerrenoSkyBillGC2\v1dx11rr\DXRR.h(920,1): warning C4305: 'argumento': truncamiento de 'double' a 'FLOAT'
C:\Users\Axel\Desktop\6 sem\Gráficas\TerrenoSkyBillGC2\v1dx11rr\DXRR.h(930,1): warning C4305: 'argumento': truncamiento de 'double' a 'FLOAT'
C:\Users\Axel\Desktop\6 sem\Gráficas\TerrenoSkyBillGC2\v1dx11rr\DXRR.h(940,1): warning C4305: 'argumento': truncamiento de 'double' a 'FLOAT'
C:\Users\Axel\Desktop\6 sem\Gráficas\TerrenoSkyBillGC2\v1dx11rr\DXRR.h(951,1): warning C4305: 'argumento': truncamiento de 'double' a 'FLOAT'
C:\Users\Axel\Desktop\6 sem\Gráficas\TerrenoSkyBillGC2\v1dx11rr\DXRR.h(962,1): warning C4305: 'argumento': truncamiento de 'double' a 'FLOAT'
C:\Users\Axel\Desktop\6 sem\Gráficas\TerrenoSkyBillGC2\v1dx11rr\DXRR.h(972,1): warning C4305: 'argumento': truncamiento de 'double' a 'FLOAT'
C:\Users\Axel\Desktop\6 sem\Gráficas\TerrenoSkyBillGC2\v1dx11rr\DXRR.h(982,1): warning C4305: 'argumento': truncamiento de 'double' a 'FLOAT'
C:\Users\Axel\Desktop\6 sem\Gráficas\TerrenoSkyBillGC2\v1dx11rr\DXRR.h(992,1): warning C4305: 'argumento': truncamiento de 'double' a 'FLOAT'
C:\Users\Axel\Desktop\6 sem\Gráficas\TerrenoSkyBillGC2\v1dx11rr\DXRR.h(1002,1): warning C4305: 'argumento': truncamiento de 'double' a 'FLOAT'
C:\Users\Axel\Desktop\6 sem\Gráficas\TerrenoSkyBillGC2\v1dx11rr\DXRR.h(1012,1): warning C4305: 'argumento': truncamiento de 'double' a 'FLOAT'
C:\Users\Axel\Desktop\6 sem\Gráficas\TerrenoSkyBillGC2\v1dx11rr\DXRR.h(1023,1): warning C4305: 'argumento': truncamiento de 'double' a 'FLOAT'
C:\Users\Axel\Desktop\6 sem\Gráficas\TerrenoSkyBillGC2\v1dx11rr\TerrenoSkyBill.cpp(80,15): warning C4244: 'return': conversión de 'WPARAM' a 'int'; posible pérdida de datos
C:\Users\Axel\Desktop\6 sem\Gráficas\TerrenoSkyBillGC2\v1dx11rr\TerrenoSkyBill.cpp(76,13): warning C4101: 'e': variable local sin referencia
C:\Users\Axel\Desktop\6 sem\Gráficas\TerrenoSkyBillGC2\v1dx11rr\TerrenoSkyBill.cpp(116,26): warning C4305: '=': truncamiento de 'double' a 'float'
C:\Users\Axel\Desktop\6 sem\Gráficas\TerrenoSkyBillGC2\v1dx11rr\TerrenoSkyBill.cpp(122,27): warning C4305: '=': truncamiento de 'double' a 'float'
C:\Users\Axel\Desktop\6 sem\Gráficas\TerrenoSkyBillGC2\v1dx11rr\TerrenoSkyBill.cpp(127,27): warning C4305: '=': truncamiento de 'double' a 'float'
C:\Users\Axel\Desktop\6 sem\Gráficas\TerrenoSkyBillGC2\v1dx11rr\TerrenoSkyBill.cpp(133,28): warning C4305: '=': truncamiento de 'double' a 'float'
C:\Program Files (x86)\Microsoft Visual Studio\2019\Community\VC\Tools\MSVC\14.23.28105\include\memory(2057,56): warning C4244: 'argumento': conversión de '_Ty' a 'float'; posible pérdida de datos
C:\Program Files (x86)\Microsoft Visual Studio\2019\Community\VC\Tools\MSVC\14.23.28105\include\memory(2057,56): warning C4244:         with
C:\Program Files (x86)\Microsoft Visual Studio\2019\Community\VC\Tools\MSVC\14.23.28105\include\memory(2057,56): warning C4244:         [
C:\Program Files (x86)\Microsoft Visual Studio\2019\Community\VC\Tools\MSVC\14.23.28105\include\memory(2057,56): warning C4244:             _Ty=int
C:\Program Files (x86)\Microsoft Visual Studio\2019\Community\VC\Tools\MSVC\14.23.28105\include\memory(2057,56): warning C4244:         ]
C:\Users\Axel\Desktop\6 sem\Gráficas\TerrenoSkyBillGC2\v1dx11rr\DXRR.h(150): message : vea la referencia a la creación de instancias de plantilla de función "std::unique_ptr<BillboardRR,std::default_delete<_Ty>> std::make_unique<BillboardRR,const wchar_t(&)[8],int,int,ID3D11Device*&,ID3D11DeviceContext*&,float,float,0>(const wchar_t (&)[8],int &&,int &&,ID3D11Device *&,ID3D11DeviceContext *&,float &&,float &&)" que se está compilando
C:\Users\Axel\Desktop\6 sem\Gráficas\TerrenoSkyBillGC2\v1dx11rr\DXRR.h(150): message :         with
C:\Users\Axel\Desktop\6 sem\Gráficas\TerrenoSkyBillGC2\v1dx11rr\DXRR.h(150): message :         [
C:\Users\Axel\Desktop\6 sem\Gráficas\TerrenoSkyBillGC2\v1dx11rr\DXRR.h(150): message :             _Ty=BillboardRR
C:\Users\Axel\Desktop\6 sem\Gráficas\TerrenoSkyBillGC2\v1dx11rr\DXRR.h(150): message :         ]
C:\Users\Axel\Desktop\6 sem\Gráficas\TerrenoSkyBillGC2\v1dx11rr\gestorLuz.h(286): warning C4715: 'ComunicacionLuces::CreateLuzAmbientalBuffer': no todas las rutas de acceso de control devuelven un valor
C:\Users\Axel\Desktop\6 sem\Gráficas\TerrenoSkyBillGC2\v1dx11rr\gestorLuz.h(306): warning C4715: 'ComunicacionLuces::CreateLuzDifusaBuffer': no todas las rutas de acceso de control devuelven un valor
  v1dx11rr.vcxproj -> C:\Users\Axel\Desktop\6 sem\Gráficas\TerrenoSkyBillGC2\x64\Debug\TerrenoSkyBill.exe
